<?xml version="1.0" encoding="UTF-8"?>
<!-- Generated by org.testng.reporters.JUnitXMLReporter -->
<testsuite hostname="tarena-PC" name="Test1" tests="3" failures="0" timestamp="13 Apr 2018 03:16:05 GMT" time="29.263" errors="0">
  <testcase name="f" time="6.912" classname="tedu.tc.TestECShopAdvancedSearch"/>
  <testcase name="f" time="5.385" classname="tedu.tc.TestECShopAdvancedSearch"/>
  <testcase name="f" time="4.882" classname="tedu.tc.TestECShopAdvancedSearch"/>
</testsuite> <!-- Test1 -->
