<?xml version="1.0" encoding="UTF-8"?>
<!-- Generated by org.testng.reporters.JUnitXMLReporter -->
<testsuite hostname="tarena-PC" name="Test1" tests="3" failures="0" timestamp="10 Apr 2018 09:51:36 GMT" time="49.159" errors="0">
  <testcase name="f" time="6.486" classname="tedu.tc.TestECShopAdvancedSearch"/>
  <testcase name="f" time="7.563" classname="tedu.tc.TestECShopAdvancedSearch"/>
  <testcase name="f" time="4.399" classname="tedu.tc.TestECShopAdvancedSearch"/>
</testsuite> <!-- Test1 -->
