<?xml version="1.0" encoding="UTF-8"?>
<testng-results skipped="0" failed="0" total="1" passed="1">
  <reporter-output>
  </reporter-output>
  <suite name="Suite" duration-ms="7641" started-at="2018-03-26T03:50:20Z" finished-at="2018-03-26T03:50:28Z">
    <groups>
    </groups>
    <test name="Test" duration-ms="7641" started-at="2018-03-26T03:50:20Z" finished-at="2018-03-26T03:50:28Z">
      <class name="org.tedu.NewTestFirefox">
        <test-method status="PASS" signature="beforeMethod()[pri:0, instance:org.tedu.NewTestFirefox@1b8d6f7]" name="beforeMethod" is-config="true" duration-ms="7461" started-at="2018-03-26T11:50:20Z" finished-at="2018-03-26T11:50:28Z">
          <reporter-output>
          </reporter-output>
        </test-method> <!-- beforeMethod -->
        <test-method status="PASS" signature="f()[pri:0, instance:org.tedu.NewTestFirefox@1b8d6f7]" name="f" duration-ms="2" started-at="2018-03-26T11:50:28Z" finished-at="2018-03-26T11:50:28Z">
          <reporter-output>
          </reporter-output>
        </test-method> <!-- f -->
        <test-method status="PASS" signature="afterMethod()[pri:0, instance:org.tedu.NewTestFirefox@1b8d6f7]" name="afterMethod" is-config="true" duration-ms="168" started-at="2018-03-26T11:50:28Z" finished-at="2018-03-26T11:50:28Z">
          <reporter-output>
          </reporter-output>
        </test-method> <!-- afterMethod -->
      </class> <!-- org.tedu.NewTestFirefox -->
    </test> <!-- Test -->
  </suite> <!-- Suite -->
</testng-results>
