<?xml version="1.0" encoding="UTF-8"?>
<testng-results skipped="0" failed="0" total="3" passed="3">
  <reporter-output>
  </reporter-output>
  <suite name="tedu.tc.TestECShopAdvancedSearch" duration-ms="43895" started-at="2018-04-08T10:01:17Z" finished-at="2018-04-08T10:02:01Z">
    <groups>
    </groups>
    <test name="Command line test cf65d629-ee80-4be1-9ed7-bc1ea42782ae" duration-ms="43895" started-at="2018-04-08T10:01:17Z" finished-at="2018-04-08T10:02:01Z">
      <class name="tedu.tc.TestECShopAdvancedSearch">
        <test-method status="PASS" signature="beforeMethod()[pri:0, instance:tedu.tc.TestECShopAdvancedSearch@513cf0]" name="beforeMethod" is-config="true" duration-ms="8965" started-at="2018-04-08T18:01:17Z" finished-at="2018-04-08T18:01:26Z">
          <reporter-output>
          </reporter-output>
        </test-method> <!-- beforeMethod -->
        <test-method status="PASS" signature="f(java.lang.String, java.lang.String, java.lang.String, java.lang.String, java.lang.String, java.lang.String, java.lang.String, java.lang.String, java.lang.String)[pri:0, instance:tedu.tc.TestECShopAdvancedSearch@513cf0]" name="f" duration-ms="5188" started-at="2018-04-08T18:01:26Z" data-provider="dp" finished-at="2018-04-08T18:01:32Z">
          <params>
            <param index="0">
              <value>
                <![CDATA[b]]>
              </value>
            </param>
            <param index="1">
              <value>
                <![CDATA[手机类型]]>
              </value>
            </param>
            <param index="2">
              <value>
                <![CDATA[三星]]>
              </value>
            </param>
            <param index="3">
              <value>
                <![CDATA[1]]>
              </value>
            </param>
            <param index="4">
              <value>
                <![CDATA[6000]]>
              </value>
            </param>
            <param index="5">
              <value>
                <![CDATA[请选择]]>
              </value>
            </param>
            <param index="6">
              <value>
                <![CDATA[]]>
              </value>
            </param>
            <param index="7">
              <value>
                <![CDATA[]]>
              </value>
            </param>
            <param index="8">
              <value>
                <![CDATA[1]]>
              </value>
            </param>
          </params>
          <reporter-output>
          </reporter-output>
        </test-method> <!-- f -->
        <test-method status="PASS" signature="afterMethod()[pri:0, instance:tedu.tc.TestECShopAdvancedSearch@513cf0]" name="afterMethod" is-config="true" duration-ms="199" started-at="2018-04-08T18:01:32Z" finished-at="2018-04-08T18:01:32Z">
          <reporter-output>
          </reporter-output>
        </test-method> <!-- afterMethod -->
        <test-method status="PASS" signature="beforeMethod()[pri:0, instance:tedu.tc.TestECShopAdvancedSearch@513cf0]" name="beforeMethod" is-config="true" duration-ms="8365" started-at="2018-04-08T18:01:32Z" finished-at="2018-04-08T18:01:40Z">
          <reporter-output>
          </reporter-output>
        </test-method> <!-- beforeMethod -->
        <test-method status="PASS" signature="f(java.lang.String, java.lang.String, java.lang.String, java.lang.String, java.lang.String, java.lang.String, java.lang.String, java.lang.String, java.lang.String)[pri:0, instance:tedu.tc.TestECShopAdvancedSearch@513cf0]" name="f" duration-ms="7118" started-at="2018-04-08T18:01:40Z" data-provider="dp" finished-at="2018-04-08T18:01:47Z">
          <params>
            <param index="0">
              <value>
                <![CDATA[n]]>
              </value>
            </param>
            <param index="1">
              <value>
                <![CDATA[手机类型]]>
              </value>
            </param>
            <param index="2">
              <value>
                <![CDATA[联想]]>
              </value>
            </param>
            <param index="3">
              <value>
                <![CDATA[100]]>
              </value>
            </param>
            <param index="4">
              <value>
                <![CDATA[2000]]>
              </value>
            </param>
            <param index="5">
              <value>
                <![CDATA[精品手机]]>
              </value>
            </param>
            <param index="6">
              <value>
                <![CDATA[2008年06月]]>
              </value>
            </param>
            <param index="7">
              <value>
                <![CDATA[灰色]]>
              </value>
            </param>
            <param index="8">
              <value>
                <![CDATA[1]]>
              </value>
            </param>
          </params>
          <reporter-output>
          </reporter-output>
        </test-method> <!-- f -->
        <test-method status="PASS" signature="afterMethod()[pri:0, instance:tedu.tc.TestECShopAdvancedSearch@513cf0]" name="afterMethod" is-config="true" duration-ms="182" started-at="2018-04-08T18:01:47Z" finished-at="2018-04-08T18:01:47Z">
          <reporter-output>
          </reporter-output>
        </test-method> <!-- afterMethod -->
        <test-method status="PASS" signature="beforeMethod()[pri:0, instance:tedu.tc.TestECShopAdvancedSearch@513cf0]" name="beforeMethod" is-config="true" duration-ms="7353" started-at="2018-04-08T18:01:47Z" finished-at="2018-04-08T18:01:55Z">
          <reporter-output>
          </reporter-output>
        </test-method> <!-- beforeMethod -->
        <test-method status="PASS" signature="f(java.lang.String, java.lang.String, java.lang.String, java.lang.String, java.lang.String, java.lang.String, java.lang.String, java.lang.String, java.lang.String)[pri:0, instance:tedu.tc.TestECShopAdvancedSearch@513cf0]" name="f" duration-ms="5665" started-at="2018-04-08T18:01:55Z" data-provider="dp" finished-at="2018-04-08T18:02:00Z">
          <params>
            <param index="0">
              <value>
                <![CDATA[t]]>
              </value>
            </param>
            <param index="1">
              <value>
                <![CDATA[充值卡]]>
              </value>
            </param>
            <param index="2">
              <value>
                <![CDATA[LG]]>
              </value>
            </param>
            <param index="3">
              <value>
                <![CDATA[50]]>
              </value>
            </param>
            <param index="4">
              <value>
                <![CDATA[500]]>
              </value>
            </param>
            <param index="5">
              <value>
                <![CDATA[请选择]]>
              </value>
            </param>
            <param index="6">
              <value>
                <![CDATA[]]>
              </value>
            </param>
            <param index="7">
              <value>
                <![CDATA[]]>
              </value>
            </param>
            <param index="8">
              <value>
                <![CDATA[0]]>
              </value>
            </param>
          </params>
          <reporter-output>
          </reporter-output>
        </test-method> <!-- f -->
        <test-method status="PASS" signature="afterMethod()[pri:0, instance:tedu.tc.TestECShopAdvancedSearch@513cf0]" name="afterMethod" is-config="true" duration-ms="177" started-at="2018-04-08T18:02:00Z" finished-at="2018-04-08T18:02:01Z">
          <reporter-output>
          </reporter-output>
        </test-method> <!-- afterMethod -->
      </class> <!-- tedu.tc.TestECShopAdvancedSearch -->
    </test> <!-- Command line test cf65d629-ee80-4be1-9ed7-bc1ea42782ae -->
  </suite> <!-- tedu.tc.TestECShopAdvancedSearch -->
</testng-results>
