<?xml version="1.0" encoding="UTF-8"?>
<!-- Generated by org.testng.reporters.JUnitXMLReporter -->
<testsuite hostname="tarena-PC" name="Command line test cf65d629-ee80-4be1-9ed7-bc1ea42782ae" tests="3" failures="0" timestamp="8 Apr 2018 10:02:01 GMT" time="43.895" errors="0">
  <testcase name="f" time="5.188" classname="tedu.tc.TestECShopAdvancedSearch"/>
  <testcase name="f" time="7.118" classname="tedu.tc.TestECShopAdvancedSearch"/>
  <testcase name="f" time="5.665" classname="tedu.tc.TestECShopAdvancedSearch"/>
</testsuite> <!-- Command line test cf65d629-ee80-4be1-9ed7-bc1ea42782ae -->
