<?xml version="1.0" encoding="UTF-8"?>
<!-- Generated by org.testng.reporters.JUnitXMLReporter -->
<testsuite hostname="tarena-PC" name="Command line test 266d3633-eb51-413c-9d6e-c7249100aa95" tests="3" failures="0" timestamp="3 Apr 2018 08:00:07 GMT" time="36.316" errors="0">
  <testcase name="f" time="4.074" classname="tedu.tc.TestECShopAdvancedSearch"/>
  <testcase name="f" time="6.476" classname="tedu.tc.TestECShopAdvancedSearch"/>
  <testcase name="f" time="5.049" classname="tedu.tc.TestECShopAdvancedSearch"/>
</testsuite> <!-- Command line test 266d3633-eb51-413c-9d6e-c7249100aa95 -->
